<?xml version="1.0" encoding="UTF-8"?>
<!-- Generated by org.testng.reporters.JUnitXMLReporter -->
<testsuite hostname="Ajay3147361" ignored="1" name="Default test(failed)(failed)" tests="2" failures="1" timestamp="21 Apr 2020 10:22:33 GMT" time="0.054" errors="0">
  <testcase name="sampleTest2" time="0.009" classname="com.utils.ExcelDataProvider"/>
  <testcase name="sampleTest1" time="0.003" classname="com.utils.ExcelDataProvider">
    <failure type="java.lang.AssertionError" message="expected [true] but found [false]">
      <![CDATA[java.lang.AssertionError: expected [true] but found [false]
at com.utils.ExcelDataProvider.sampleTest1(ExcelDataProvider.java:30)
... Removed 29 stack frames]]>
    </failure>
  </testcase> <!-- sampleTest1 -->
  <testcase name="sampleTest" time="0.0" classname="com.utils.ExcelDataProvider">
    <ignored/>
  </testcase> <!-- sampleTest -->
</testsuite> <!-- Default test(failed)(failed) -->
